-1.5
-showWeaveInfo
-source
1.5
-verbose
-classpath
/home/james/.m2/repository/antlr/antlr/2.7.6/antlr-2.7.6.jar:/home/james/.m2/repository/aopalliance/aopalliance/1.0/aopalliance-1.0.jar:/home/james/.m2/repository/asm/asm/1.5.3/asm-1.5.3.jar:/home/james/.m2/repository/asm/asm-attrs/1.5.3/asm-attrs-1.5.3.jar:/home/james/.m2/repository/backport-util-concurrent/backport-util-concurrent/3.1/backport-util-concurrent-3.1.jar:/home/james/.m2/repository/cglib/cglib/2.1_3/cglib-2.1_3.jar:/home/james/.m2/repository/commons-beanutils/commons-beanutils/1.7.0/commons-beanutils-1.7.0.jar:/home/james/.m2/repository/commons-codec/commons-codec/1.3/commons-codec-1.3.jar:/home/james/.m2/repository/commons-collections/commons-collections/3.2/commons-collections-3.2.jar:/home/james/.m2/repository/commons-httpclient/commons-httpclient/3.0/commons-httpclient-3.0.jar:/home/james/.m2/repository/commons-lang/commons-lang/2.3/commons-lang-2.3.jar:/home/james/.m2/repository/commons-logging/commons-logging/1.0.3/commons-logging-1.0.3.jar:/home/james/.m2/repository/dom4j/dom4j/1.6.1/dom4j-1.6.1.jar:/home/james/.m2/repository/javax/activation/activation/1.1/activation-1.1.jar:/home/james/.m2/repository/javax/mail/mail/1.4/mail-1.4.jar:/home/james/.m2/repository/javax/persistence/persistence-api/1.0/persistence-api-1.0.jar:/home/james/.m2/repository/javax/transaction/jta/1.0.1B/jta-1.0.1B.jar:/home/james/.m2/repository/jdom/jdom/1.0/jdom-1.0.jar:/home/james/.m2/repository/junit/junit/4.4/junit-4.4.jar:/home/james/.m2/repository/junit/junit-dep/4.4/junit-dep-4.4.jar:/home/james/.m2/repository/log4j/log4j/1.2.13/log4j-1.2.13.jar:/home/james/.m2/repository/mysql/mysql-connector-java/5.0.5/mysql-connector-java-5.0.5.jar:/home/james/.m2/repository/net/java/dev/stax-utils/stax-utils/20040917/stax-utils-20040917.jar:/home/james/.m2/repository/net/sf/ehcache/ehcache/1.4.1/ehcache-1.4.1.jar:/home/james/.m2/repository/net/sf/jsr107cache/jsr107cache/1.0/jsr107cache-1.0.jar:/home/james/.m2/repository/org/apache/xbean/xbean-spring/2.8/xbean-spring-2.8.jar:/home/james/.m2/repository/org/aspectj/aspectjrt/1.6.0/aspectjrt-1.6.0.jar:/home/james/.m2/repository/org/aspectj/aspectjweaver/1.6.0/aspectjweaver-1.6.0.jar:/home/james/.m2/repository/org/codehaus/woodstox/wstx-asl/3.2.0/wstx-asl-3.2.0.jar:/home/james/.m2/repository/org/codehaus/xfire/xfire-aegis/1.2.6/xfire-aegis-1.2.6.jar:/home/james/.m2/repository/org/codehaus/xfire/xfire-annotations/1.2.6/xfire-annotations-1.2.6.jar:/home/james/.m2/repository/org/codehaus/xfire/xfire-core/1.2.6/xfire-core-1.2.6.jar:/home/james/.m2/repository/org/codehaus/xfire/xfire-java5/1.2.6/xfire-java5-1.2.6.jar:/home/james/.m2/repository/org/codehaus/xfire/xfire-spring/1.2.6/xfire-spring-1.2.6.jar:/home/james/.m2/repository/org/codehaus/xfire/xfire-xmlbeans/1.2.6/xfire-xmlbeans-1.2.6.jar:/home/james/.m2/repository/org/hamcrest/hamcrest-core/1.1/hamcrest-core-1.1.jar:/home/james/.m2/repository/org/hamcrest/hamcrest-library/1.1/hamcrest-library-1.1.jar:/home/james/.m2/repository/org/hibernate/hibernate/3.2.6.ga/hibernate-3.2.6.ga.jar:/home/james/.m2/repository/org/hibernate/hibernate-annotations/3.3.0.ga/hibernate-annotations-3.3.0.ga.jar:/home/james/.m2/repository/org/hibernate/hibernate-commons-annotations/3.3.0.ga/hibernate-commons-annotations-3.3.0.ga.jar:/home/james/.m2/repository/org/jmock/jmock/2.4.0/jmock-2.4.0.jar:/home/james/.m2/repository/org/jmock/jmock-junit4/2.4.0/jmock-junit4-2.4.0.jar:/home/james/.m2/repository/org/springframework/spring-aop/2.5.4/spring-aop-2.5.4.jar:/home/james/.m2/repository/org/springframework/spring-aspects/2.5.4/spring-aspects-2.5.4.jar:/home/james/.m2/repository/org/springframework/spring-beans/2.5.4/spring-beans-2.5.4.jar:/home/james/.m2/repository/org/springframework/spring-context/2.5.4/spring-context-2.5.4.jar:/home/james/.m2/repository/org/springframework/spring-context-support/2.5.4/spring-context-support-2.5.4.jar:/home/james/.m2/repository/org/springframework/spring-core/2.5.4/spring-core-2.5.4.jar:/home/james/.m2/repository/org/springframework/spring-jdbc/2.5.4/spring-jdbc-2.5.4.jar:/home/james/.m2/repository/org/springframework/spring-orm/2.5.4/spring-orm-2.5.4.jar:/home/james/.m2/repository/org/springframework/spring-test/2.5.4/spring-test-2.5.4.jar:/home/james/.m2/repository/org/springframework/spring-tx/2.5.4/spring-tx-2.5.4.jar:/home/james/.m2/repository/org/springframework/security/spring-security-core/2.0.1/spring-security-core-2.0.1.jar:/home/james/.m2/repository/org/springframework/security/spring-security-core-tiger/2.0.1/spring-security-core-tiger-2.0.1.jar:/home/james/.m2/repository/stax/stax-api/1.0.1/stax-api-1.0.1.jar:/home/james/.m2/repository/velocity/velocity/1.4/velocity-1.4.jar:/home/james/.m2/repository/wsdl4j/wsdl4j/1.6.1/wsdl4j-1.6.1.jar:/home/james/.m2/repository/xfire/xfire-jsr181-api/1.0-M1/xfire-jsr181-api-1.0-M1.jar:/home/james/.m2/repository/xmlbeans/xbean/2.2.0/xbean-2.2.0.jar:/home/james/workspace/pos/pos-core/target/classes
-aspectpath
/home/james/.m2/repository/org/springframework/spring-aspects/2.5.4/spring-aspects-2.5.4.jar
-d
/home/james/workspace/pos/pos-core/target/classes
/home/james/workspace/pos/pos-core/src/main/java/com/dagitab/dao/hibernate/GenericDaoHibernate.java
/home/james/workspace/pos/pos-core/src/main/java/com/dagitab/model/Payment.java
/home/james/workspace/pos/pos-core/src/main/java/com/dagitab/service/GenericManager.java
/home/james/workspace/pos/pos-core/src/main/java/com/dagitab/model/Currency.java
/home/james/workspace/pos/pos-core/src/main/java/com/dagitab/service/LookupManager.java
/home/james/workspace/pos/pos-core/src/main/java/com/dagitab/dao/BaseDaoTestCase.java
/home/james/workspace/pos/pos-core/src/main/java/com/dagitab/model/Item.java
/home/james/workspace/pos/pos-core/src/main/java/com/dagitab/service/impl/UniversalManagerImpl.java
/home/james/workspace/pos/pos-core/src/main/java/com/dagitab/service/UserExistsException.java
/home/james/workspace/pos/pos-core/src/main/java/com/dagitab/util/TimestampConverter.java
/home/james/workspace/pos/pos-core/src/main/java/com/dagitab/model/GiftCertificatePayment.java
/home/james/workspace/pos/pos-core/src/main/java/com/dagitab/Constants.java
/home/james/workspace/pos/pos-core/src/main/java/com/dagitab/dao/hibernate/UniversalDaoHibernate.java
/home/james/workspace/pos/pos-core/src/main/java/com/dagitab/dao/LookupDao.java
/home/james/workspace/pos/pos-core/src/main/java/com/dagitab/util/DateConverter.java
/home/james/workspace/pos/pos-core/src/main/java/com/dagitab/service/impl/BaseManagerMockTestCase.java
/home/james/workspace/pos/pos-core/src/main/java/com/dagitab/dao/spring/HibernateExtensionPostProcessor.java
/home/james/workspace/pos/pos-core/src/main/java/com/dagitab/model/UnitOfMeasure.java
/home/james/workspace/pos/pos-core/src/main/java/com/dagitab/service/UniversalManager.java
/home/james/workspace/pos/pos-core/src/main/java/com/dagitab/service/UserManager.java
/home/james/workspace/pos/pos-core/src/main/java/com/dagitab/service/BaseManagerTestCase.java
/home/james/workspace/pos/pos-core/src/main/java/com/dagitab/model/ItemCategory.java
/home/james/workspace/pos/pos-core/src/main/java/com/dagitab/dao/hibernate/UserDaoHibernate.java
/home/james/workspace/pos/pos-core/src/main/java/com/dagitab/model/CashPayment.java
/home/james/workspace/pos/pos-core/src/main/java/com/dagitab/model/BaseObject.java
/home/james/workspace/pos/pos-core/src/main/java/com/dagitab/service/impl/RoleManagerImpl.java
/home/james/workspace/pos/pos-core/src/main/java/com/dagitab/model/Role.java
/home/james/workspace/pos/pos-core/src/main/java/com/dagitab/model/CheckPayment.java
/home/james/workspace/pos/pos-core/src/main/java/com/dagitab/dao/hibernate/RoleDaoHibernate.java
/home/james/workspace/pos/pos-core/src/main/java/com/dagitab/model/User.java
/home/james/workspace/pos/pos-core/src/main/java/com/dagitab/model/CreditCardPayment.java
/home/james/workspace/pos/pos-core/src/main/java/com/dagitab/service/UserService.java
/home/james/workspace/pos/pos-core/src/main/java/com/dagitab/model/LabelValue.java
/home/james/workspace/pos/pos-core/src/main/java/com/dagitab/service/RoleManager.java
/home/james/workspace/pos/pos-core/src/main/java/com/dagitab/util/CurrencyConverter.java
/home/james/workspace/pos/pos-core/src/main/java/com/dagitab/service/impl/GenericManagerImpl.java
/home/james/workspace/pos/pos-core/src/main/java/com/dagitab/dao/hibernate/LookupDaoHibernate.java
/home/james/workspace/pos/pos-core/src/main/java/com/dagitab/model/Discount.java
/home/james/workspace/pos/pos-core/src/main/java/com/dagitab/service/MailEngine.java
/home/james/workspace/pos/pos-core/src/main/java/com/dagitab/model/Customer.java
/home/james/workspace/pos/pos-core/src/main/java/com/dagitab/model/BaseEntity.java
/home/james/workspace/pos/pos-core/src/main/java/com/dagitab/model/Company.java
/home/james/workspace/pos/pos-core/src/main/java/com/dagitab/util/ConvertUtil.java
/home/james/workspace/pos/pos-core/src/main/java/com/dagitab/model/Invoice.java
/home/james/workspace/pos/pos-core/src/main/java/com/dagitab/pos/core/Core.java
/home/james/workspace/pos/pos-core/src/main/java/com/dagitab/model/Configuration.java
/home/james/workspace/pos/pos-core/src/main/java/com/dagitab/dao/UserDao.java
/home/james/workspace/pos/pos-core/src/main/java/com/dagitab/service/UserSecurityAdvice.java
/home/james/workspace/pos/pos-core/src/main/java/com/dagitab/dao/RoleDao.java
/home/james/workspace/pos/pos-core/src/main/java/com/dagitab/dao/UniversalDao.java
/home/james/workspace/pos/pos-core/src/main/java/com/dagitab/dao/GenericDao.java
/home/james/workspace/pos/pos-core/src/main/java/com/dagitab/util/DateUtil.java
/home/james/workspace/pos/pos-core/src/main/java/com/dagitab/service/impl/LookupManagerImpl.java
/home/james/workspace/pos/pos-core/src/main/java/com/dagitab/model/Address.java
/home/james/workspace/pos/pos-core/src/main/java/com/dagitab/model/InvoiceItem.java
/home/james/workspace/pos/pos-core/src/main/java/com/dagitab/service/impl/UserManagerImpl.java
